0 info it worked if it ends with ok
1 verbose cli [ 'D:\\node\\node.exe',
1 verbose cli   'D:\\node\\node_modules\\npm\\bin\\npm-cli.js',
1 verbose cli   'run',
1 verbose cli   'server-build' ]
2 info using npm@3.10.9
3 info using node@v6.9.2
4 verbose run-script [ 'preserver-build', 'server-build', 'postserver-build' ]
5 info lifecycle cnode@1.0.0~preserver-build: cnode@1.0.0
6 silly lifecycle cnode@1.0.0~preserver-build: no script for preserver-build, continuing
7 info lifecycle cnode@1.0.0~server-build: cnode@1.0.0
8 verbose lifecycle cnode@1.0.0~server-build: unsafe-perm in lifecycle true
9 verbose lifecycle cnode@1.0.0~server-build: PATH: D:\node\node_modules\npm\bin\node-gyp-bin;D:\vueDemo\MJUI\node_modules\.bin;D:\python\;D:\python\Scripts;C:\ProgramData\Oracle\Java\javapath;C:\windows\system32;C:\windows;C:\windows\System32\Wbem;C:\windows\System32\WindowsPowerShell\v1.0\;D:\jdk1.7\bin;D:\jdk1.7\jre\bin;D:\node\;D:\apache\Apache24\bin;D:\hp\lr\strawberry-perl\perl\bin;D:\apache-maven-3.2.3\bin;D:\python;D:\phantomjs\phantomjs-2.1.1-windows\bin;C:\Program Files\dotnet\;C:\Users\Administrator\AppData\Roaming\npm;D:\egret\Egret Wing3\Egret Wing 3\bin;
10 verbose lifecycle cnode@1.0.0~server-build: CWD: D:\vueDemo\MJUI
11 silly lifecycle cnode@1.0.0~server-build: Args: [ '/d /s /c',
11 silly lifecycle   'webpack-dev-server --config webpack.config.dev.js --host 0.0.0.0' ]
12 verbose stack Error: kill ENOSYS
12 verbose stack     at exports._errnoException (util.js:1022:11)
12 verbose stack     at process.kill (internal/process.js:172:13)
12 verbose stack     at process.listener (D:\node\node_modules\npm\node_modules\npmlog\node_modules\gauge\node_modules\signal-exit\index.js:86:15)
12 verbose stack     at emitNone (events.js:91:20)
12 verbose stack     at process.emit (events.js:185:7)
12 verbose stack     at processEmit (D:\node\node_modules\npm\node_modules\npmlog\node_modules\gauge\node_modules\signal-exit\index.js:146:32)
12 verbose stack     at processEmit (D:\node\node_modules\npm\node_modules\npm-registry-client\node_modules\npmlog\node_modules\gauge\node_modules\signal-exit\index.js:146:32)
12 verbose stack     at Signal.wrap.onsignal (internal/process.js:199:44)
13 verbose cwd D:\vueDemo\MJUI
14 error Windows_NT 6.1.7601
15 error argv "D:\\node\\node.exe" "D:\\node\\node_modules\\npm\\bin\\npm-cli.js" "run" "server-build"
16 error node v6.9.2
17 error npm  v3.10.9
18 error code ENOSYS
19 error errno ENOSYS
20 error syscall kill
21 error kill ENOSYS
22 error If you need help, you may report this error at:
22 error     <https://github.com/npm/npm/issues>
23 verbose exit [ 1, true ]
